<?xml version="1.0" encoding="UTF-8"?>
<!-- Generated by org.testng.reporters.JUnitReportReporter -->
<testsuite hostname="Raghu-PC" name="com.jocata.star.practisesecond.Dataprovider" tests="3" failures="0" timestamp="29 Jun 2017 11:27:18 GMT" time="0.024" errors="0">
  <testcase name="click" time="0.002" classname="com.jocata.star.practisesecond.Dataprovider"/>
  <testcase name="click" time="0.004" classname="com.jocata.star.practisesecond.Dataprovider"/>
  <testcase name="click" time="0.018" classname="com.jocata.star.practisesecond.Dataprovider"/>
</testsuite> <!-- com.jocata.star.practisesecond.Dataprovider -->
