<?xml version="1.0" encoding="UTF-8"?>
<!-- Generated by org.testng.reporters.JUnitReportReporter -->
<testsuite hostname="Raghu-PC" name="com.jocata.star.RuleSimulation.ComboCheaker4" tests="1" failures="0" timestamp="18 Aug 2017 10:01:09 GMT" time="31.329" errors="0">
  <testcase name="login" time="31.329" classname="com.jocata.star.RuleSimulation.ComboCheaker4"/>
</testsuite> <!-- com.jocata.star.RuleSimulation.ComboCheaker4 -->
