<?xml version="1.0" encoding="UTF-8"?>
<!-- Generated by org.testng.reporters.JUnitReportReporter -->
<testsuite hostname="Raghu-PC" name="com.jocata.star.Administration.ExclusionListModify" tests="1" failures="0" timestamp="16 May 2017 12:50:23 GMT" time="21.973" errors="0">
  <testcase name="clickExclusionlist" time="21.973" classname="com.jocata.star.Administration.ExclusionListModify"/>
</testsuite> <!-- com.jocata.star.Administration.ExclusionListModify -->
