<?xml version="1.0" encoding="UTF-8"?>
<!-- Generated by org.testng.reporters.JUnitReportReporter -->
<testsuite hostname="Raghu-PC" name="com.jocata.star.TaskboardSort.SortOnBranch" tests="1" failures="0" timestamp="2 Nov 2017 12:39:28 GMT" time="66.430" errors="0">
  <testcase name="clickcaseid" time="66.430" classname="com.jocata.star.TaskboardSort.SortOnBranch"/>
</testsuite> <!-- com.jocata.star.TaskboardSort.SortOnBranch -->
