<?xml version="1.0" encoding="UTF-8"?>
<!-- Generated by org.testng.reporters.JUnitReportReporter -->
<testsuite hostname="Raghu-PC" name="com.jocata.star.GridAdministartion.UserPermissionsReport" tests="1" failures="0" timestamp="2 Nov 2017 12:39:28 GMT" time="75.407" errors="0">
  <testcase name="clickriskconfigrationedit" time="75.407" classname="com.jocata.star.GridAdministartion.UserPermissionsReport"/>
</testsuite> <!-- com.jocata.star.GridAdministartion.UserPermissionsReport -->
