<?xml version="1.0" encoding="UTF-8"?>
<!-- Generated by org.testng.reporters.JUnitReportReporter -->
<testsuite hostname="Raghu-PC" name="com.jocata.star.dashboard.DashboardWorkFlowDrillDown" tests="1" failures="0" timestamp="2 Nov 2017 12:39:28 GMT" time="26.615" errors="0">
  <testcase name="test" time="26.615" classname="com.jocata.star.dashboard.DashboardWorkFlowDrillDown"/>
</testsuite> <!-- com.jocata.star.dashboard.DashboardWorkFlowDrillDown -->
