<?xml version="1.0" encoding="UTF-8"?>
<!-- Generated by org.testng.reporters.JUnitReportReporter -->
<testsuite hostname="Raghu-PC" name="com.jocata.star.Administration.UserLeaveRecordAddSecond" tests="1" failures="0" timestamp="10 Jun 2017 13:02:25 GMT" time="108.753" errors="0">
  <testcase name="clickonleaveRecord" time="108.753" classname="com.jocata.star.Administration.UserLeaveRecordAddSecond"/>
</testsuite> <!-- com.jocata.star.Administration.UserLeaveRecordAddSecond -->
