<?xml version="1.0" encoding="UTF-8"?>
<!-- Generated by org.testng.reporters.JUnitReportReporter -->
<testsuite hostname="Raghu-PC" name="com.jocata.star.WorkFlow.WorkflowSaveChanges2" tests="1" failures="0" timestamp="2 Nov 2017 12:39:28 GMT" time="174.360" errors="0">
  <testcase name="loginsavechanges" time="174.360" classname="com.jocata.star.WorkFlow.WorkflowSaveChanges2"/>
</testsuite> <!-- com.jocata.star.WorkFlow.WorkflowSaveChanges2 -->
