<?xml version="1.0" encoding="UTF-8"?>
<!-- Generated by org.testng.reporters.JUnitReportReporter -->
<testsuite hostname="Raghu-PC" name="com.jocata.star.Taskboard.SearchForTrancations" tests="1" failures="0" timestamp="2 Nov 2017 12:39:28 GMT" time="115.618" errors="0">
  <testcase name="clickcaseid" time="115.618" classname="com.jocata.star.Taskboard.SearchForTrancations"/>
</testsuite> <!-- com.jocata.star.Taskboard.SearchForTrancations -->
