<?xml version="1.0" encoding="UTF-8"?>
<!-- Generated by org.testng.reporters.JUnitReportReporter -->
<testsuite hostname="Raghu-PC" name="com.jocata.star.RuleLibry.RuleLibraryAddandDelete2" tests="1" failures="0" timestamp="2 Nov 2017 12:39:28 GMT" time="114.062" errors="0">
  <testcase name="deletebenchmark" time="114.062" classname="com.jocata.star.RuleLibry.RuleLibraryAddandDelete2"/>
</testsuite> <!-- com.jocata.star.RuleLibry.RuleLibraryAddandDelete2 -->
