<?xml version="1.0" encoding="UTF-8"?>
<!-- Generated by org.testng.reporters.JUnitReportReporter -->
<testsuite hostname="Raghu-PC" name="com.jocata.star.Centra.CentraViewErrors2" tests="1" failures="0" timestamp="23 May 2017 08:42:38 GMT" time="77.612" errors="0">
  <testcase name="clickViewErrors" time="77.612" classname="com.jocata.star.Centra.CentraViewErrors2"/>
</testsuite> <!-- com.jocata.star.Centra.CentraViewErrors2 -->
