<?xml version="1.0" encoding="UTF-8"?>
<!-- Generated by org.testng.reporters.JUnitReportReporter -->
<testsuite hostname="Raghu-PC" name="com.jocata.star.RuleSimulation.ComboCheaker" tests="1" failures="0" timestamp="18 Aug 2017 07:26:32 GMT" time="37.648" errors="0">
  <testcase name="login" time="37.648" classname="com.jocata.star.RuleSimulation.ComboCheaker"/>
</testsuite> <!-- com.jocata.star.RuleSimulation.ComboCheaker -->
