<?xml version="1.0" encoding="UTF-8"?>
<!-- Generated by org.testng.reporters.JUnitReportReporter -->
<testsuite hostname="Raghu-PC" name="com.jocata.TranscationSetails.pract.Misreports3" tests="1" failures="0" timestamp="13 Jul 2017 17:58:16 GMT" time="65.229" errors="0">
  <testcase name="clickingmisreports" time="65.229" classname="com.jocata.TranscationSetails.pract.Misreports3"/>
</testsuite> <!-- com.jocata.TranscationSetails.pract.Misreports3 -->
