<?xml version="1.0" encoding="UTF-8"?>
<!-- Generated by org.testng.reporters.JUnitReportReporter -->
<testsuite hostname="Raghu-PC" name="com.jocata.star.GridAdministartion.RiskConfigurationEdit" tests="1" failures="0" timestamp="6 Nov 2017 13:30:38 GMT" time="156.853" errors="0">
  <testcase name="clickriskconfigrationedit" time="156.853" classname="com.jocata.star.GridAdministartion.RiskConfigurationEdit"/>
</testsuite> <!-- com.jocata.star.GridAdministartion.RiskConfigurationEdit -->
