<?xml version="1.0" encoding="UTF-8"?>
<!-- Generated by org.testng.reporters.JUnitReportReporter -->
<testsuite hostname="Raghu-PC" name="com.jocata.star.MisReports.ReportonPastCases" tests="1" failures="0" timestamp="2 Nov 2017 12:39:28 GMT" time="56.298" errors="0">
  <testcase name="addReport" time="56.298" classname="com.jocata.star.MisReports.ReportonPastCases"/>
</testsuite> <!-- com.jocata.star.MisReports.ReportonPastCases -->
