<?xml version="1.0" encoding="UTF-8"?>
<!-- Generated by org.testng.reporters.JUnitReportReporter -->
<testsuite hostname="Raghu-PC" name="com.jocata.star.CaseReallocation.CaseReallocationSearch" tests="1" failures="0" timestamp="19 May 2017 12:48:42 GMT" time="106.754" errors="0">
  <testcase name="clickCasereallocatiom" time="106.754" classname="com.jocata.star.CaseReallocation.CaseReallocationSearch"/>
</testsuite> <!-- com.jocata.star.CaseReallocation.CaseReallocationSearch -->
