<?xml version="1.0" encoding="UTF-8"?>
<!-- Generated by org.testng.reporters.JUnitReportReporter -->
<testsuite hostname="Raghu-PC" name="com.jocata.TranscationSetails.pract.RegulateotyRegenerateSTR2" tests="1" failures="0" timestamp="10 Aug 2017 06:28:23 GMT" time="48.154" errors="0">
  <testcase name="clicktest" time="48.154" classname="com.jocata.TranscationSetails.pract.RegulateotyRegenerateSTR2"/>
</testsuite> <!-- com.jocata.TranscationSetails.pract.RegulateotyRegenerateSTR2 -->
