<?xml version="1.0" encoding="UTF-8"?>
<!-- Generated by org.testng.reporters.JUnitReportReporter -->
<testsuite hostname="Raghu-PC" name="com.jocata.star.falsepositive.FalsePositiveRuleId" tests="1" failures="0" timestamp="2 Nov 2017 12:39:28 GMT" time="16.152" errors="0">
  <testcase name="testprofiles" time="16.152" classname="com.jocata.star.falsepositive.FalsePositiveRuleId"/>
</testsuite> <!-- com.jocata.star.falsepositive.FalsePositiveRuleId -->
