<?xml version="1.0" encoding="UTF-8"?>
<!-- Generated by org.testng.reporters.JUnitReportReporter -->
<testsuite hostname="Raghu-PC" name="com.jocata.star.WorkFlow.Transcationdetails" tests="1" failures="0" timestamp="4 Jul 2017 11:33:04 GMT" time="29.585" errors="0">
  <testcase name="clickingtrancations" time="29.585" classname="com.jocata.star.WorkFlow.Transcationdetails"/>
</testsuite> <!-- com.jocata.star.WorkFlow.Transcationdetails -->
