<?xml version="1.0" encoding="UTF-8"?>
<!-- Generated by org.testng.reporters.JUnitReportReporter -->
<testsuite hostname="Raghu-PC" name="com.jocata.star.AddManualEvent.AddManualEventCustomerid" tests="1" failures="0" timestamp="2 Nov 2017 12:39:28 GMT" time="0.425" errors="0">
  <testcase name="clickmanualevent" time="0.425" classname="com.jocata.star.AddManualEvent.AddManualEventCustomerid"/>
</testsuite> <!-- com.jocata.star.AddManualEvent.AddManualEventCustomerid -->
