<?xml version="1.0" encoding="UTF-8"?>
<!-- Generated by org.testng.reporters.JUnitReportReporter -->
<testsuite hostname="Raghu-PC" name="com.jocata.TranscationSetails.TrancastionDetails" tests="1" failures="0" timestamp="2 Nov 2017 12:39:28 GMT" time="54.084" errors="0">
  <testcase name="logintranscationdetails" time="54.084" classname="com.jocata.TranscationSetails.TrancastionDetails"/>
</testsuite> <!-- com.jocata.TranscationSetails.TrancastionDetails -->
