<?xml version="1.0" encoding="UTF-8"?>
<!-- Generated by org.testng.reporters.JUnitReportReporter -->
<testsuite hostname="Raghu-PC" name="com.jocata.star.RuleSimulation.RuleSimulate2" tests="1" failures="0" timestamp="17 Aug 2017 07:09:25 GMT" time="49.072" errors="0">
  <testcase name="clickRulesimualtes" time="49.072" classname="com.jocata.star.RuleSimulation.RuleSimulate2"/>
</testsuite> <!-- com.jocata.star.RuleSimulation.RuleSimulate2 -->
