<?xml version="1.0" encoding="UTF-8"?>
<!-- Generated by org.testng.reporters.JUnitReportReporter -->
<testsuite hostname="Raghu-PC" name="com.jocata.star.Taskboard.TaskboardPastCases" tests="1" failures="0" timestamp="2 Nov 2017 12:39:28 GMT" time="19.135" errors="0">
  <testcase name="clickpastcases" time="19.135" classname="com.jocata.star.Taskboard.TaskboardPastCases"/>
</testsuite> <!-- com.jocata.star.Taskboard.TaskboardPastCases -->
