<?xml version="1.0" encoding="UTF-8"?>
<!-- Generated by org.testng.reporters.JUnitReportReporter -->
<testsuite hostname="Raghu-PC" name="com.jocata.star.RuleBulider.RuleBuilderCustomerFilter" tests="1" failures="0" timestamp="23 Aug 2017 10:43:15 GMT" time="5.773" errors="0">
  <testcase name="clickrulebuliderupdate" time="5.773" classname="com.jocata.star.RuleBulider.RuleBuilderCustomerFilter"/>
</testsuite> <!-- com.jocata.star.RuleBulider.RuleBuilderCustomerFilter -->
