<?xml version="1.0" encoding="UTF-8"?>
<!-- Generated by org.testng.reporters.JUnitReportReporter -->
<testsuite hostname="Raghu-PC" name="com.jocata.star.RuleSimulation.RuleSimulationSave" tests="1" failures="0" timestamp="10 Jun 2017 09:50:15 GMT" time="39.810" errors="0">
  <testcase name="clickrulesimualetionsave" time="39.810" classname="com.jocata.star.RuleSimulation.RuleSimulationSave"/>
</testsuite> <!-- com.jocata.star.RuleSimulation.RuleSimulationSave -->
