<?xml version="1.0" encoding="UTF-8"?>
<!-- Generated by org.testng.reporters.JUnitReportReporter -->
<testsuite hostname="Raghu-PC" name="com.jocata.star.Administration.UserLeaveRecordAdd" tests="1" failures="0" timestamp="16 May 2017 11:33:28 GMT" time="9.732" errors="0">
  <testcase name="clickonleaveRecord" time="9.732" classname="com.jocata.star.Administration.UserLeaveRecordAdd"/>
</testsuite> <!-- com.jocata.star.Administration.UserLeaveRecordAdd -->
