<?xml version="1.0" encoding="UTF-8"?>
<!-- Generated by org.testng.reporters.JUnitReportReporter -->
<testsuite hostname="Raghu-PC" name="com.jocata.star.falsepositive.FalsePositiveAddby" tests="1" failures="0" timestamp="2 Nov 2017 12:39:28 GMT" time="16.188" errors="0">
  <testcase name="testprofiles" time="16.188" classname="com.jocata.star.falsepositive.FalsePositiveAddby"/>
</testsuite> <!-- com.jocata.star.falsepositive.FalsePositiveAddby -->
