<?xml version="1.0" encoding="UTF-8"?>
<!-- Generated by org.testng.reporters.JUnitReportReporter -->
<testsuite hostname="Raghu-PC" name="com.jocata.star.RuleSimulation.Example" tests="1" failures="0" timestamp="18 Aug 2017 13:04:31 GMT" time="6.461" errors="0">
  <testcase name="verifyHomePageTitle" time="6.461" classname="com.jocata.star.RuleSimulation.Example"/>
</testsuite> <!-- com.jocata.star.RuleSimulation.Example -->
