<?xml version="1.0" encoding="UTF-8"?>
<!-- Generated by org.testng.reporters.JUnitReportReporter -->
<testsuite hostname="Raghu-PC" name="com.jocata.star.practise.TestRandom" tests="1" failures="0" timestamp="17 May 2017 15:59:17 GMT" time="0.017" errors="0">
  <testcase name="main" time="0.017" classname="com.jocata.star.practise.TestRandom"/>
</testsuite> <!-- com.jocata.star.practise.TestRandom -->
