<?xml version="1.0" encoding="UTF-8"?>
<!-- Generated by org.testng.reporters.JUnitReportReporter -->
<testsuite hostname="Raghu-PC" name="com.jocata.star.RuleLibry.RuleLibraryAddandDelete" tests="1" failures="0" timestamp="4 Oct 2017 07:48:01 GMT" time="46.810" errors="0">
  <testcase name="deletebenchmark" time="46.810" classname="com.jocata.star.RuleLibry.RuleLibraryAddandDelete"/>
</testsuite> <!-- com.jocata.star.RuleLibry.RuleLibraryAddandDelete -->
