<?xml version="1.0" encoding="UTF-8"?>
<!-- Generated by org.testng.reporters.JUnitReportReporter -->
<testsuite hostname="Raghu-PC" name="com.jocata.star.AddManualEvent.AddManualEventAccountNum" tests="1" failures="0" timestamp="2 Nov 2017 12:39:28 GMT" time="58.160" errors="0">
  <testcase name="clickmanualEventAccountNum" time="58.160" classname="com.jocata.star.AddManualEvent.AddManualEventAccountNum"/>
</testsuite> <!-- com.jocata.star.AddManualEvent.AddManualEventAccountNum -->
