<?xml version="1.0" encoding="UTF-8"?>
<!-- Generated by org.testng.reporters.JUnitReportReporter -->
<testsuite hostname="Raghu-PC" name="com.jocata.star.Centra.RegulateotyReSubmitSTR" tests="1" failures="0" timestamp="9 Aug 2017 13:42:09 GMT" time="84.919" errors="0">
  <testcase name="clickregeranteStr" time="84.919" classname="com.jocata.star.Centra.RegulateotyReSubmitSTR"/>
</testsuite> <!-- com.jocata.star.Centra.RegulateotyReSubmitSTR -->
