<?xml version="1.0" encoding="UTF-8"?>
<!-- Generated by org.testng.reporters.JUnitReportReporter -->
<testsuite hostname="Raghu-PC" name="com.jocata.star.RuleLibry.RuleLibraryUpdate" tests="1" failures="0" timestamp="2 Nov 2017 12:39:28 GMT" time="25.964" errors="0">
  <testcase name="deletebenchmark" time="25.964" classname="com.jocata.star.RuleLibry.RuleLibraryUpdate"/>
</testsuite> <!-- com.jocata.star.RuleLibry.RuleLibraryUpdate -->
