<?xml version="1.0" encoding="UTF-8"?>
<!-- Generated by org.testng.reporters.JUnitReportReporter -->
<testsuite hostname="Raghu-PC" name="com.jocata.star.RuleSimulation.ComboCheaker3" tests="1" failures="0" timestamp="18 Aug 2017 09:54:48 GMT" time="33.079" errors="0">
  <testcase name="login" time="33.079" classname="com.jocata.star.RuleSimulation.ComboCheaker3"/>
</testsuite> <!-- com.jocata.star.RuleSimulation.ComboCheaker3 -->
