<?xml version="1.0" encoding="UTF-8"?>
<!-- Generated by org.testng.reporters.JUnitReportReporter -->
<testsuite hostname="Raghu-PC" name="com.jocata.star.Administration.SysytemConfigurationFalsePositiveLimits" tests="1" failures="0" timestamp="2 Nov 2017 12:39:28 GMT" time="12.878" errors="0">
  <testcase name="clicknotification" time="12.878" classname="com.jocata.star.Administration.SysytemConfigurationFalsePositiveLimits"/>
</testsuite> <!-- com.jocata.star.Administration.SysytemConfigurationFalsePositiveLimits -->
