<?xml version="1.0" encoding="UTF-8"?>
<!-- Generated by org.testng.reporters.JUnitReportReporter -->
<testsuite hostname="Raghu-PC" name="com.jocata.star.Administration.NotificationConfigurationUpdate" tests="1" failures="0" timestamp="29 May 2017 06:37:41 GMT" time="38.731" errors="0">
  <testcase name="clicknotification" time="38.731" classname="com.jocata.star.Administration.NotificationConfigurationUpdate"/>
</testsuite> <!-- com.jocata.star.Administration.NotificationConfigurationUpdate -->
