<?xml version="1.0" encoding="UTF-8"?>
<!-- Generated by org.testng.reporters.JUnitReportReporter -->
<testsuite hostname="Raghu-PC" name="com.jocata.TranscationSetails.pract.Misreports" tests="1" failures="0" timestamp="13 Jul 2017 09:53:48 GMT" time="35.967" errors="0">
  <testcase name="clickingmisreports" time="35.967" classname="com.jocata.TranscationSetails.pract.Misreports"/>
</testsuite> <!-- com.jocata.TranscationSetails.pract.Misreports -->
