<?xml version="1.0" encoding="UTF-8"?>
<!-- Generated by org.testng.reporters.JUnitReportReporter -->
<testsuite hostname="Raghu-PC" name="com.jocata.TranscationSetails.pract.Misreports2" tests="1" failures="0" timestamp="13 Jul 2017 17:19:03 GMT" time="70.540" errors="0">
  <testcase name="clickingmisreports" time="70.540" classname="com.jocata.TranscationSetails.pract.Misreports2"/>
</testsuite> <!-- com.jocata.TranscationSetails.pract.Misreports2 -->
