<?xml version="1.0" encoding="UTF-8"?>
<!-- Generated by org.testng.reporters.JUnitReportReporter -->
<testsuite hostname="Raghu-PC" name="com.jocata.star.WorkFlow.WorkflowSave2" tests="1" failures="0" timestamp="16 May 2017 16:00:09 GMT" time="210.911" errors="0">
  <testcase name="login" time="210.911" classname="com.jocata.star.WorkFlow.WorkflowSave2"/>
</testsuite> <!-- com.jocata.star.WorkFlow.WorkflowSave2 -->
