<?xml version="1.0" encoding="UTF-8"?>
<!-- Generated by org.testng.reporters.JUnitReportReporter -->
<testsuite hostname="Raghu-PC" name="com.jocata.TranscationSetails.pract.RegulateotyReports" tests="1" failures="0" timestamp="16 Jun 2017 13:02:08 GMT" time="35.191" errors="0">
  <testcase name="clicktest" time="35.191" classname="com.jocata.TranscationSetails.pract.RegulateotyReports"/>
</testsuite> <!-- com.jocata.TranscationSetails.pract.RegulateotyReports -->
