<?xml version="1.0" encoding="UTF-8"?>
<!-- Generated by org.testng.reporters.JUnitReportReporter -->
<testsuite hostname="Raghu-PC" name="com.jocata.star.Centra.CentraUpdateSTRDetails" tests="1" failures="0" timestamp="2 Nov 2017 12:39:28 GMT" time="48.513" errors="0">
  <testcase name="clickcentra" time="48.513" classname="com.jocata.star.Centra.CentraUpdateSTRDetails"/>
</testsuite> <!-- com.jocata.star.Centra.CentraUpdateSTRDetails -->
