<?xml version="1.0" encoding="UTF-8"?>
<!-- Generated by org.testng.reporters.JUnitReportReporter -->
<testsuite hostname="Raghu-PC" name="com.jocata.star.RuleSimulation.ComboCheaker2" tests="1" failures="0" timestamp="18 Aug 2017 07:40:57 GMT" time="37.590" errors="0">
  <testcase name="login" time="37.590" classname="com.jocata.star.RuleSimulation.ComboCheaker2"/>
</testsuite> <!-- com.jocata.star.RuleSimulation.ComboCheaker2 -->
