<?xml version="1.0" encoding="UTF-8"?>
<!-- Generated by org.testng.reporters.JUnitReportReporter -->
<testsuite hostname="Raghu-PC" name="com.jocata.star.RuleSimulation.RuleSimulate" tests="1" failures="0" timestamp="12 Jul 2017 05:47:11 GMT" time="39.833" errors="0">
  <testcase name="clickRulesimualtes" time="39.833" classname="com.jocata.star.RuleSimulation.RuleSimulate"/>
</testsuite> <!-- com.jocata.star.RuleSimulation.RuleSimulate -->
