<?xml version="1.0" encoding="UTF-8"?>
<!-- Generated by org.testng.reporters.JUnitReportReporter -->
<testsuite hostname="Raghu-PC" name="com.jocata.star.dashboard.DashboardUserSelection" tests="1" failures="0" timestamp="2 Nov 2017 12:39:28 GMT" time="9.285" errors="0">
  <testcase name="test" time="9.285" classname="com.jocata.star.dashboard.DashboardUserSelection"/>
</testsuite> <!-- com.jocata.star.dashboard.DashboardUserSelection -->
